<?xml version="1.0" encoding="UTF-8"?>
<!-- Generated by org.testng.reporters.JUnitReportReporter -->
<testsuite skipped="0" hostname="GAGAN" name="base.DriverInitials2" tests="4" failures="0" timestamp="29 Dec 2019 16:42:32 GMT" time="0.031" errors="0">
  <testcase name="test3" time="0.003" classname="base.DriverInitials2"/>
  <testcase name="test4" time="0.005" classname="base.DriverInitials2"/>
  <testcase name="test1" time="0.018" classname="base.DriverInitials2"/>
  <testcase name="test2" time="0.005" classname="base.DriverInitials2"/>
</testsuite> <!-- base.DriverInitials2 -->
