<?xml version="1.0" encoding="UTF-8"?>
<!-- Generated by org.testng.reporters.JUnitReportReporter -->
<testsuite skipped="0" hostname="GAGAN" name="base.DriverInitials" tests="2" failures="0" timestamp="29 Dec 2019 16:38:25 GMT" time="0.022" errors="0">
  <testcase name="test1" time="0.018" classname="base.DriverInitials"/>
  <testcase name="test2" time="0.004" classname="base.DriverInitials"/>
</testsuite> <!-- base.DriverInitials -->
